<?xml version="1.0" encoding="UTF-8"?>
<robot generator="Robot 6.1.1 (Python 3.11.5 on win32)" generated="20240502 16:30:18.072" rpa="false" schemaversion="4">
<suite id="s1" name="Tests" source="C:\kurssit\ohtu\ohtuvarasto\osa3\login-robot\src\tests">
<suite id="s1-s1" name="Login" source="C:\kurssit\ohtu\ohtuvarasto\osa3\login-robot\src\tests\login.robot">
<test id="s1-s1-t1" name="Login With Correct Credentials" line="6">
<kw name="Create User And Input Login Command" type="SETUP">
<kw name="Create User" library="AppLibrary">
<arg>kalle</arg>
<arg>kalle123</arg>
<status status="PASS" starttime="20240502 16:30:18.103" endtime="20240502 16:30:18.103"/>
</kw>
<kw name="Input Login Command" library="resource">
<kw name="Input" library="AppLibrary">
<arg>login</arg>
<status status="PASS" starttime="20240502 16:30:18.104" endtime="20240502 16:30:18.104"/>
</kw>
<status status="PASS" starttime="20240502 16:30:18.103" endtime="20240502 16:30:18.104"/>
</kw>
<status status="PASS" starttime="20240502 16:30:18.103" endtime="20240502 16:30:18.104"/>
</kw>
<kw name="Input Credentials" library="resource">
<arg>kalle</arg>
<arg>kalle123</arg>
<kw name="Input" library="AppLibrary">
<arg>${username}</arg>
<status status="PASS" starttime="20240502 16:30:18.104" endtime="20240502 16:30:18.104"/>
</kw>
<kw name="Input" library="AppLibrary">
<arg>${password}</arg>
<status status="PASS" starttime="20240502 16:30:18.104" endtime="20240502 16:30:18.104"/>
</kw>
<kw name="Run Application" library="AppLibrary">
<status status="PASS" starttime="20240502 16:30:18.104" endtime="20240502 16:30:18.104"/>
</kw>
<status status="PASS" starttime="20240502 16:30:18.104" endtime="20240502 16:30:18.104"/>
</kw>
<kw name="Output Should Contain" library="AppLibrary">
<arg>Logged in</arg>
<status status="PASS" starttime="20240502 16:30:18.104" endtime="20240502 16:30:18.104"/>
</kw>
<status status="PASS" starttime="20240502 16:30:18.103" endtime="20240502 16:30:18.104"/>
</test>
<test id="s1-s1-t2" name="Login With Incorrect Password" line="10">
<kw name="Create User And Input Login Command" type="SETUP">
<kw name="Create User" library="AppLibrary">
<arg>kalle</arg>
<arg>kalle123</arg>
<status status="PASS" starttime="20240502 16:30:18.105" endtime="20240502 16:30:18.105"/>
</kw>
<kw name="Input Login Command" library="resource">
<kw name="Input" library="AppLibrary">
<arg>login</arg>
<status status="PASS" starttime="20240502 16:30:18.105" endtime="20240502 16:30:18.105"/>
</kw>
<status status="PASS" starttime="20240502 16:30:18.105" endtime="20240502 16:30:18.105"/>
</kw>
<status status="PASS" starttime="20240502 16:30:18.105" endtime="20240502 16:30:18.105"/>
</kw>
<kw name="Input Credentials" library="resource">
<arg>kalle</arg>
<arg>kalle23</arg>
<kw name="Input" library="AppLibrary">
<arg>${username}</arg>
<status status="PASS" starttime="20240502 16:30:18.106" endtime="20240502 16:30:18.106"/>
</kw>
<kw name="Input" library="AppLibrary">
<arg>${password}</arg>
<status status="PASS" starttime="20240502 16:30:18.106" endtime="20240502 16:30:18.106"/>
</kw>
<kw name="Run Application" library="AppLibrary">
<status status="PASS" starttime="20240502 16:30:18.106" endtime="20240502 16:30:18.106"/>
</kw>
<status status="PASS" starttime="20240502 16:30:18.105" endtime="20240502 16:30:18.106"/>
</kw>
<kw name="Output Should Contain" library="AppLibrary">
<arg>Invalid username or password</arg>
<status status="PASS" starttime="20240502 16:30:18.106" endtime="20240502 16:30:18.106"/>
</kw>
<status status="PASS" starttime="20240502 16:30:18.105" endtime="20240502 16:30:18.106"/>
</test>
<test id="s1-s1-t3" name="Login With Nonexistent Username" line="14">
<kw name="Create User And Input Login Command" type="SETUP">
<kw name="Create User" library="AppLibrary">
<arg>kalle</arg>
<arg>kalle123</arg>
<status status="PASS" starttime="20240502 16:30:18.106" endtime="20240502 16:30:18.106"/>
</kw>
<kw name="Input Login Command" library="resource">
<kw name="Input" library="AppLibrary">
<arg>login</arg>
<status status="PASS" starttime="20240502 16:30:18.107" endtime="20240502 16:30:18.107"/>
</kw>
<status status="PASS" starttime="20240502 16:30:18.107" endtime="20240502 16:30:18.107"/>
</kw>
<status status="PASS" starttime="20240502 16:30:18.106" endtime="20240502 16:30:18.107"/>
</kw>
<kw name="Input Credentials" library="resource">
<arg>kale</arg>
<arg>kalle123</arg>
<kw name="Input" library="AppLibrary">
<arg>${username}</arg>
<status status="PASS" starttime="20240502 16:30:18.107" endtime="20240502 16:30:18.107"/>
</kw>
<kw name="Input" library="AppLibrary">
<arg>${password}</arg>
<status status="PASS" starttime="20240502 16:30:18.107" endtime="20240502 16:30:18.107"/>
</kw>
<kw name="Run Application" library="AppLibrary">
<status status="PASS" starttime="20240502 16:30:18.107" endtime="20240502 16:30:18.107"/>
</kw>
<status status="PASS" starttime="20240502 16:30:18.107" endtime="20240502 16:30:18.107"/>
</kw>
<kw name="Output Should Contain" library="AppLibrary">
<arg>Invalid username or password</arg>
<status status="PASS" starttime="20240502 16:30:18.107" endtime="20240502 16:30:18.107"/>
</kw>
<status status="PASS" starttime="20240502 16:30:18.106" endtime="20240502 16:30:18.107"/>
</test>
<status status="PASS" starttime="20240502 16:30:18.092" endtime="20240502 16:30:18.108"/>
</suite>
<suite id="s1-s2" name="Register" source="C:\kurssit\ohtu\ohtuvarasto\osa3\login-robot\src\tests\register.robot">
<test id="s1-s2-t1" name="Register With Valid Username And Password" line="6">
<kw name="Input New Command And Create User" type="SETUP">
<kw name="Create User" library="AppLibrary">
<arg>kalle</arg>
<arg>kalle123</arg>
<status status="PASS" starttime="20240502 16:30:18.112" endtime="20240502 16:30:18.112"/>
</kw>
<kw name="Input New Command" library="resource">
<kw name="Input" library="AppLibrary">
<arg>new</arg>
<status status="PASS" starttime="20240502 16:30:18.112" endtime="20240502 16:30:18.112"/>
</kw>
<status status="PASS" starttime="20240502 16:30:18.112" endtime="20240502 16:30:18.112"/>
</kw>
<status status="PASS" starttime="20240502 16:30:18.112" endtime="20240502 16:30:18.112"/>
</kw>
<kw name="Input Credentials" library="resource">
<arg>kalleuusi</arg>
<arg>kalle321</arg>
<kw name="Input" library="AppLibrary">
<arg>${username}</arg>
<status status="PASS" starttime="20240502 16:30:18.113" endtime="20240502 16:30:18.113"/>
</kw>
<kw name="Input" library="AppLibrary">
<arg>${password}</arg>
<status status="PASS" starttime="20240502 16:30:18.113" endtime="20240502 16:30:18.113"/>
</kw>
<kw name="Run Application" library="AppLibrary">
<status status="PASS" starttime="20240502 16:30:18.113" endtime="20240502 16:30:18.113"/>
</kw>
<status status="PASS" starttime="20240502 16:30:18.113" endtime="20240502 16:30:18.113"/>
</kw>
<kw name="Output Should Contain" library="AppLibrary">
<arg>New user registered</arg>
<status status="PASS" starttime="20240502 16:30:18.113" endtime="20240502 16:30:18.113"/>
</kw>
<status status="PASS" starttime="20240502 16:30:18.112" endtime="20240502 16:30:18.113"/>
</test>
<test id="s1-s2-t2" name="Register With Already Taken Username And Valid Password" line="10">
<kw name="Input New Command And Create User" type="SETUP">
<kw name="Create User" library="AppLibrary">
<arg>kalle</arg>
<arg>kalle123</arg>
<status status="PASS" starttime="20240502 16:30:18.114" endtime="20240502 16:30:18.114"/>
</kw>
<kw name="Input New Command" library="resource">
<kw name="Input" library="AppLibrary">
<arg>new</arg>
<status status="PASS" starttime="20240502 16:30:18.114" endtime="20240502 16:30:18.114"/>
</kw>
<status status="PASS" starttime="20240502 16:30:18.114" endtime="20240502 16:30:18.114"/>
</kw>
<status status="PASS" starttime="20240502 16:30:18.113" endtime="20240502 16:30:18.114"/>
</kw>
<kw name="Input Credentials" library="resource">
<arg>kalle</arg>
<arg>kalle321</arg>
<kw name="Input" library="AppLibrary">
<arg>${username}</arg>
<status status="PASS" starttime="20240502 16:30:18.114" endtime="20240502 16:30:18.114"/>
</kw>
<kw name="Input" library="AppLibrary">
<arg>${password}</arg>
<status status="PASS" starttime="20240502 16:30:18.114" endtime="20240502 16:30:18.114"/>
</kw>
<kw name="Run Application" library="AppLibrary">
<status status="PASS" starttime="20240502 16:30:18.114" endtime="20240502 16:30:18.114"/>
</kw>
<status status="PASS" starttime="20240502 16:30:18.114" endtime="20240502 16:30:18.114"/>
</kw>
<kw name="Output Should Contain" library="AppLibrary">
<arg>User with username kalle already exists</arg>
<status status="PASS" starttime="20240502 16:30:18.114" endtime="20240502 16:30:18.115"/>
</kw>
<status status="PASS" starttime="20240502 16:30:18.113" endtime="20240502 16:30:18.115"/>
</test>
<test id="s1-s2-t3" name="Register With Too Short Username And Valid Password" line="14">
<kw name="Input New Command And Create User" type="SETUP">
<kw name="Create User" library="AppLibrary">
<arg>kalle</arg>
<arg>kalle123</arg>
<status status="PASS" starttime="20240502 16:30:18.115" endtime="20240502 16:30:18.115"/>
</kw>
<kw name="Input New Command" library="resource">
<kw name="Input" library="AppLibrary">
<arg>new</arg>
<status status="PASS" starttime="20240502 16:30:18.115" endtime="20240502 16:30:18.115"/>
</kw>
<status status="PASS" starttime="20240502 16:30:18.115" endtime="20240502 16:30:18.115"/>
</kw>
<status status="PASS" starttime="20240502 16:30:18.115" endtime="20240502 16:30:18.115"/>
</kw>
<kw name="Input Credentials" library="resource">
<arg>ke</arg>
<arg>kalle321</arg>
<kw name="Input" library="AppLibrary">
<arg>${username}</arg>
<status status="PASS" starttime="20240502 16:30:18.116" endtime="20240502 16:30:18.116"/>
</kw>
<kw name="Input" library="AppLibrary">
<arg>${password}</arg>
<status status="PASS" starttime="20240502 16:30:18.116" endtime="20240502 16:30:18.116"/>
</kw>
<kw name="Run Application" library="AppLibrary">
<status status="PASS" starttime="20240502 16:30:18.116" endtime="20240502 16:30:18.116"/>
</kw>
<status status="PASS" starttime="20240502 16:30:18.115" endtime="20240502 16:30:18.116"/>
</kw>
<kw name="Output Should Contain" library="AppLibrary">
<arg>Username is too short</arg>
<status status="PASS" starttime="20240502 16:30:18.116" endtime="20240502 16:30:18.116"/>
</kw>
<status status="PASS" starttime="20240502 16:30:18.115" endtime="20240502 16:30:18.116"/>
</test>
<test id="s1-s2-t4" name="Register With Enough Long But Invalid Username And Valid Password" line="18">
<kw name="Input New Command And Create User" type="SETUP">
<kw name="Create User" library="AppLibrary">
<arg>kalle</arg>
<arg>kalle123</arg>
<status status="PASS" starttime="20240502 16:30:18.116" endtime="20240502 16:30:18.116"/>
</kw>
<kw name="Input New Command" library="resource">
<kw name="Input" library="AppLibrary">
<arg>new</arg>
<status status="PASS" starttime="20240502 16:30:18.117" endtime="20240502 16:30:18.117"/>
</kw>
<status status="PASS" starttime="20240502 16:30:18.116" endtime="20240502 16:30:18.117"/>
</kw>
<status status="PASS" starttime="20240502 16:30:18.116" endtime="20240502 16:30:18.117"/>
</kw>
<kw name="Input Credentials" library="resource">
<arg>kallö1</arg>
<arg>kalle321</arg>
<kw name="Input" library="AppLibrary">
<arg>${username}</arg>
<status status="PASS" starttime="20240502 16:30:18.117" endtime="20240502 16:30:18.117"/>
</kw>
<kw name="Input" library="AppLibrary">
<arg>${password}</arg>
<status status="PASS" starttime="20240502 16:30:18.117" endtime="20240502 16:30:18.117"/>
</kw>
<kw name="Run Application" library="AppLibrary">
<status status="PASS" starttime="20240502 16:30:18.117" endtime="20240502 16:30:18.117"/>
</kw>
<status status="PASS" starttime="20240502 16:30:18.117" endtime="20240502 16:30:18.117"/>
</kw>
<kw name="Output Should Contain" library="AppLibrary">
<arg>Username can't include numbers</arg>
<status status="PASS" starttime="20240502 16:30:18.117" endtime="20240502 16:30:18.117"/>
</kw>
<status status="PASS" starttime="20240502 16:30:18.116" endtime="20240502 16:30:18.117"/>
</test>
<test id="s1-s2-t5" name="Register With Valid Username And Too Short Password" line="22">
<kw name="Input New Command And Create User" type="SETUP">
<kw name="Create User" library="AppLibrary">
<arg>kalle</arg>
<arg>kalle123</arg>
<status status="PASS" starttime="20240502 16:30:18.118" endtime="20240502 16:30:18.118"/>
</kw>
<kw name="Input New Command" library="resource">
<kw name="Input" library="AppLibrary">
<arg>new</arg>
<status status="PASS" starttime="20240502 16:30:18.118" endtime="20240502 16:30:18.118"/>
</kw>
<status status="PASS" starttime="20240502 16:30:18.118" endtime="20240502 16:30:18.118"/>
</kw>
<status status="PASS" starttime="20240502 16:30:18.118" endtime="20240502 16:30:18.118"/>
</kw>
<kw name="Input Credentials" library="resource">
<arg>kaalle</arg>
<arg>kk</arg>
<kw name="Input" library="AppLibrary">
<arg>${username}</arg>
<status status="PASS" starttime="20240502 16:30:18.118" endtime="20240502 16:30:18.118"/>
</kw>
<kw name="Input" library="AppLibrary">
<arg>${password}</arg>
<status status="PASS" starttime="20240502 16:30:18.118" endtime="20240502 16:30:18.119"/>
</kw>
<kw name="Run Application" library="AppLibrary">
<status status="PASS" starttime="20240502 16:30:18.119" endtime="20240502 16:30:18.119"/>
</kw>
<status status="PASS" starttime="20240502 16:30:18.118" endtime="20240502 16:30:18.119"/>
</kw>
<kw name="Output Should Contain" library="AppLibrary">
<arg>Password is too short</arg>
<status status="PASS" starttime="20240502 16:30:18.119" endtime="20240502 16:30:18.119"/>
</kw>
<status status="PASS" starttime="20240502 16:30:18.118" endtime="20240502 16:30:18.119"/>
</test>
<test id="s1-s2-t6" name="Register With Valid Username And Long Enough Password Containing Only Letters" line="26">
<kw name="Input New Command And Create User" type="SETUP">
<kw name="Create User" library="AppLibrary">
<arg>kalle</arg>
<arg>kalle123</arg>
<status status="PASS" starttime="20240502 16:30:18.119" endtime="20240502 16:30:18.119"/>
</kw>
<kw name="Input New Command" library="resource">
<kw name="Input" library="AppLibrary">
<arg>new</arg>
<status status="PASS" starttime="20240502 16:30:18.119" endtime="20240502 16:30:18.120"/>
</kw>
<status status="PASS" starttime="20240502 16:30:18.119" endtime="20240502 16:30:18.120"/>
</kw>
<status status="PASS" starttime="20240502 16:30:18.119" endtime="20240502 16:30:18.120"/>
</kw>
<kw name="Input Credentials" library="resource">
<arg>kalle</arg>
<arg>kkkkkkkkkkk</arg>
<kw name="Input" library="AppLibrary">
<arg>${username}</arg>
<status status="PASS" starttime="20240502 16:30:18.120" endtime="20240502 16:30:18.120"/>
</kw>
<kw name="Input" library="AppLibrary">
<arg>${password}</arg>
<status status="PASS" starttime="20240502 16:30:18.120" endtime="20240502 16:30:18.120"/>
</kw>
<kw name="Run Application" library="AppLibrary">
<status status="PASS" starttime="20240502 16:30:18.120" endtime="20240502 16:30:18.120"/>
</kw>
<status status="PASS" starttime="20240502 16:30:18.120" endtime="20240502 16:30:18.120"/>
</kw>
<kw name="Output Should Contain" library="AppLibrary">
<arg>Password cant include only letters</arg>
<status status="PASS" starttime="20240502 16:30:18.120" endtime="20240502 16:30:18.120"/>
</kw>
<status status="PASS" starttime="20240502 16:30:18.119" endtime="20240502 16:30:18.120"/>
</test>
<status status="PASS" starttime="20240502 16:30:18.108" endtime="20240502 16:30:18.120"/>
</suite>
<status status="PASS" starttime="20240502 16:30:18.073" endtime="20240502 16:30:18.121"/>
</suite>
<statistics>
<total>
<stat pass="9" fail="0" skip="0">All Tests</stat>
</total>
<tag>
</tag>
<suite>
<stat pass="9" fail="0" skip="0" id="s1" name="Tests">Tests</stat>
<stat pass="3" fail="0" skip="0" id="s1-s1" name="Login">Tests.Login</stat>
<stat pass="6" fail="0" skip="0" id="s1-s2" name="Register">Tests.Register</stat>
</suite>
</statistics>
<errors>
</errors>
</robot>
